477  [main] INFO  org.asia.game.Main - Starting game with args = []
11085 [main] INFO  org.asia.game.GameLoop - Username is set to Asia
13093 [main] INFO  org.asia.game.GameLoop - 1. round user number: 1 and generated number: 5
13093 [main] INFO  org.asia.game.GameLoop - Current user score: 0
13634 [main] INFO  org.asia.game.GameLoop - 2. round user number: 2 and generated number: 7
13634 [main] INFO  org.asia.game.GameLoop - Current user score: 0
14054 [main] INFO  org.asia.game.GameLoop - 3. round user number: 3 and generated number: 6
14054 [main] INFO  org.asia.game.GameLoop - Current user score: 0
14503 [main] INFO  org.asia.game.GameLoop - 4. round user number: 4 and generated number: 3
14504 [main] INFO  org.asia.game.GameLoop - Current user score: 0
359  [main] INFO  org.asia.game.Main - Starting game with args = []
5040 [main] INFO  org.asia.game.GameLoop - Username is set to Asia2
6359 [main] INFO  org.asia.game.GameLoop - 1. round user number: 1 and generated number: 9
6359 [main] INFO  org.asia.game.GameLoop - Current user score: 0
6689 [main] INFO  org.asia.game.GameLoop - 2. round user number: 1 and generated number: 1
6689 [main] INFO  org.asia.game.GameLoop - Current user score: 5
7049 [main] INFO  org.asia.game.GameLoop - 3. round user number: 1 and generated number: 1
7049 [main] INFO  org.asia.game.GameLoop - Current user score: 20
7860 [main] INFO  org.asia.game.GameLoop - 4. round user number: 1 and generated number: 7
7860 [main] INFO  org.asia.game.GameLoop - Current user score: 20
7862 [main] INFO  org.asia.game.GameLoop - Player Asia2 has scored a total of 20 points
